<?xml version="1.0" encoding="UTF-8"?>
<testng-results skipped="0" failed="1" ignored="0" total="1" passed="0">
  <reporter-output>
  </reporter-output>
  <suite name="Default suite" duration-ms="17258" started-at="2020-10-24T11:38:25Z" finished-at="2020-10-24T11:38:42Z">
    <groups>
    </groups>
    <test name="Default test" duration-ms="17258" started-at="2020-10-24T11:38:25Z" finished-at="2020-10-24T11:38:42Z">
      <class name="com.gestures.Zoomin">
        <test-method status="FAIL" signature="zoom()[pri:0, instance:com.gestures.Zoomin@462d5aee]" name="zoom" duration-ms="17218" started-at="2020-10-24T11:38:25Z" finished-at="2020-10-24T11:38:42Z">
          <exception class="org.openqa.selenium.WebDriverException">
            <message>
              <![CDATA[An unknown server-side error occurred while processing the command. Original error: Cannot read property 'action' of undefined (WARNING: The server did not provide any stacktrace information)
Command duration or timeout: 12 milliseconds
Build info: version: '2.53.1', revision: 'a36b8b1cd5757287168e54b817830adce9b0158d', time: '2016-06-30 19:26:09'
System info: host: 'DESKTOP-5DNG8CK', ip: '192.168.0.105', os.name: 'Windows 10', os.arch: 'amd64', os.version: '10.0', java.version: '1.8.0_251'
Driver info: io.appium.java_client.android.AndroidDriver
Capabilities [{appPackage=com.davemorrissey.labs.subscaleview.sample, statBarHeight=56, viewportRect={top=56, left=0, width=720, height=1400}, deviceName=c291a593, UDID=c291a593, platform=LINUX, deviceUDID=c291a593, desired={appPackage=com.davemorrissey.labs.subscaleview.sample, appActivity=.MainActivity, newCommandTimeout=60, platformVersion=9, automationName=Appium, platformName=Android, deviceName=OPPO, UDID=c291a593}, newCommandTimeout=60, platformVersion=9, webStorageEnabled=false, automationName=Appium, takesScreenshot=true, javascriptEnabled=true, platformName=Android, deviceApiLevel=28, deviceManufacturer=OPPO, deviceScreenSize=720x1600, networkConnectionEnabled=true, warnings={}, databaseEnabled=false, appActivity=.MainActivity, pixelRatio=2, locationContextEnabled=false, deviceScreenDensity=320, deviceModel=CPH1933}]
Session ID: f6b3f5fe-7ef5-4573-b205-1fd13f47841c]]>
            </message>
            <full-stacktrace>
              <![CDATA[org.openqa.selenium.WebDriverException: An unknown server-side error occurred while processing the command. Original error: Cannot read property 'action' of undefined (WARNING: The server did not provide any stacktrace information)
Command duration or timeout: 12 milliseconds
Build info: version: '2.53.1', revision: 'a36b8b1cd5757287168e54b817830adce9b0158d', time: '2016-06-30 19:26:09'
System info: host: 'DESKTOP-5DNG8CK', ip: '192.168.0.105', os.name: 'Windows 10', os.arch: 'amd64', os.version: '10.0', java.version: '1.8.0_251'
Driver info: io.appium.java_client.android.AndroidDriver
Capabilities [{appPackage=com.davemorrissey.labs.subscaleview.sample, statBarHeight=56, viewportRect={top=56, left=0, width=720, height=1400}, deviceName=c291a593, UDID=c291a593, platform=LINUX, deviceUDID=c291a593, desired={appPackage=com.davemorrissey.labs.subscaleview.sample, appActivity=.MainActivity, newCommandTimeout=60, platformVersion=9, automationName=Appium, platformName=Android, deviceName=OPPO, UDID=c291a593}, newCommandTimeout=60, platformVersion=9, webStorageEnabled=false, automationName=Appium, takesScreenshot=true, javascriptEnabled=true, platformName=Android, deviceApiLevel=28, deviceManufacturer=OPPO, deviceScreenSize=720x1600, networkConnectionEnabled=true, warnings={}, databaseEnabled=false, appActivity=.MainActivity, pixelRatio=2, locationContextEnabled=false, deviceScreenDensity=320, deviceModel=CPH1933}]
Session ID: f6b3f5fe-7ef5-4573-b205-1fd13f47841c
at sun.reflect.NativeConstructorAccessorImpl.newInstance0(Native Method)
at sun.reflect.NativeConstructorAccessorImpl.newInstance(Unknown Source)
at sun.reflect.DelegatingConstructorAccessorImpl.newInstance(Unknown Source)
at java.lang.reflect.Constructor.newInstance(Unknown Source)
at org.openqa.selenium.remote.ErrorHandler.createThrowable(ErrorHandler.java:206)
at org.openqa.selenium.remote.ErrorHandler.throwIfResponseFailed(ErrorHandler.java:158)
at org.openqa.selenium.remote.RemoteWebDriver.execute(RemoteWebDriver.java:678)
at io.appium.java_client.DefaultGenericMobileDriver.execute(DefaultGenericMobileDriver.java:40)
at io.appium.java_client.AppiumDriver.execute(AppiumDriver.java:1)
at io.appium.java_client.android.AndroidDriver.execute(AndroidDriver.java:1)
at io.appium.java_client.AppiumDriver.performMultiTouchAction(AppiumDriver.java:348)
at io.appium.java_client.MultiTouchAction.perform(MultiTouchAction.java:68)
at com.gestures.Zoomin.zoom(Zoomin.java:75)
at sun.reflect.NativeMethodAccessorImpl.invoke0(Native Method)
at sun.reflect.NativeMethodAccessorImpl.invoke(Unknown Source)
at sun.reflect.DelegatingMethodAccessorImpl.invoke(Unknown Source)
at java.lang.reflect.Method.invoke(Unknown Source)
at org.testng.internal.MethodInvocationHelper.invokeMethod(MethodInvocationHelper.java:124)
at org.testng.internal.Invoker.invokeMethod(Invoker.java:583)
at org.testng.internal.Invoker.invokeTestMethod(Invoker.java:719)
at org.testng.internal.Invoker.invokeTestMethods(Invoker.java:989)
at org.testng.internal.TestMethodWorker.invokeTestMethods(TestMethodWorker.java:125)
at org.testng.internal.TestMethodWorker.run(TestMethodWorker.java:109)
at org.testng.TestRunner.privateRun(TestRunner.java:648)
at org.testng.TestRunner.run(TestRunner.java:505)
at org.testng.SuiteRunner.runTest(SuiteRunner.java:455)
at org.testng.SuiteRunner.runSequentially(SuiteRunner.java:450)
at org.testng.SuiteRunner.privateRun(SuiteRunner.java:415)
at org.testng.SuiteRunner.run(SuiteRunner.java:364)
at org.testng.SuiteRunnerWorker.runSuite(SuiteRunnerWorker.java:52)
at org.testng.SuiteRunnerWorker.run(SuiteRunnerWorker.java:84)
at org.testng.TestNG.runSuitesSequentially(TestNG.java:1208)
at org.testng.TestNG.runSuitesLocally(TestNG.java:1137)
at org.testng.TestNG.runSuites(TestNG.java:1049)
at org.testng.TestNG.run(TestNG.java:1017)
at org.testng.remote.AbstractRemoteTestNG.run(AbstractRemoteTestNG.java:114)
at org.testng.remote.RemoteTestNG.initAndRun(RemoteTestNG.java:251)
at org.testng.remote.RemoteTestNG.main(RemoteTestNG.java:77)
]]>
            </full-stacktrace>
          </exception> <!-- org.openqa.selenium.WebDriverException -->
          <reporter-output>
          </reporter-output>
        </test-method> <!-- zoom -->
      </class> <!-- com.gestures.Zoomin -->
    </test> <!-- Default test -->
  </suite> <!-- Default suite -->
</testng-results>
