<?xml version="1.0" encoding="UTF-8"?>
<testng-results skipped="0" failed="0" ignored="0" total="1" passed="1">
  <reporter-output>
  </reporter-output>
  <suite name="Default suite" duration-ms="13488" started-at="2020-10-26T08:09:25Z" finished-at="2020-10-26T08:09:38Z">
    <groups>
    </groups>
    <test name="Default test" duration-ms="13488" started-at="2020-10-26T08:09:25Z" finished-at="2020-10-26T08:09:38Z">
      <class name="com.Appium.Methods.UninstallApp">
        <test-method status="PASS" signature="VoonikOpenMore()[pri:0, instance:com.Appium.Methods.UninstallApp@cb51256]" name="VoonikOpenMore" duration-ms="13456" started-at="2020-10-26T08:09:25Z" finished-at="2020-10-26T08:09:38Z">
          <reporter-output>
          </reporter-output>
        </test-method> <!-- VoonikOpenMore -->
      </class> <!-- com.Appium.Methods.UninstallApp -->
    </test> <!-- Default test -->
  </suite> <!-- Default suite -->
</testng-results>
